<?xml version="1.0" encoding="UTF-8"?>
<coverage generated="1721818378618" clover="3.2.0">
  <project timestamp="1721818378618" name="All files">
    <metrics statements="110" coveredstatements="78" conditionals="87" coveredconditionals="44" methods="40" coveredmethods="20" elements="237" coveredelements="142" complexity="0" loc="110" ncloc="110" packages="7" files="19" classes="19"/>
    <package name="components.common.button">
      <metrics statements="8" coveredstatements="8" conditionals="21" coveredconditionals="9" methods="2" coveredmethods="2"/>
      <file name="button.jsx" path="D:\calcas\calcas-frontend-develop\packages\calcas-theme\src\components\common\button\button.jsx">
        <metrics statements="4" coveredstatements="4" conditionals="4" coveredconditionals="3" methods="1" coveredmethods="1"/>
        <line num="34" count="6" type="cond" truecount="3" falsecount="1"/>
        <line num="35" count="6" type="stmt"/>
        <line num="54" count="4" type="stmt"/>
        <line num="56" count="4" type="stmt"/>
      </file>
      <file name="button.propTypes.js" path="D:\calcas\calcas-frontend-develop\packages\calcas-theme\src\components\common\button\button.propTypes.js">
        <metrics statements="2" coveredstatements="2" conditionals="0" coveredconditionals="0" methods="0" coveredmethods="0"/>
        <line num="3" count="4" type="stmt"/>
        <line num="67" count="4" type="stmt"/>
      </file>
      <file name="button.styles.js" path="D:\calcas\calcas-frontend-develop\packages\calcas-theme\src\components\common\button\button.styles.js">
        <metrics statements="2" coveredstatements="2" conditionals="17" coveredconditionals="6" methods="1" coveredmethods="1"/>
        <line num="5" count="4" type="stmt"/>
        <line num="6" count="6" type="stmt"/>
      </file>
    </package>
    <package name="components.common.divider">
      <metrics statements="7" coveredstatements="7" conditionals="0" coveredconditionals="0" methods="2" coveredmethods="2"/>
      <file name="Divider.jsx" path="D:\calcas\calcas-frontend-develop\packages\calcas-theme\src\components\common\divider\Divider.jsx">
        <metrics statements="3" coveredstatements="3" conditionals="0" coveredconditionals="0" methods="1" coveredmethods="1"/>
        <line num="26" count="1" type="stmt"/>
        <line num="36" count="1" type="stmt"/>
        <line num="37" count="1" type="stmt"/>
      </file>
      <file name="Divider.propTypes.js" path="D:\calcas\calcas-frontend-develop\packages\calcas-theme\src\components\common\divider\Divider.propTypes.js">
        <metrics statements="2" coveredstatements="2" conditionals="0" coveredconditionals="0" methods="0" coveredmethods="0"/>
        <line num="8" count="1" type="stmt"/>
        <line num="24" count="1" type="stmt"/>
      </file>
      <file name="Divider.styles.js" path="D:\calcas\calcas-frontend-develop\packages\calcas-theme\src\components\common\divider\Divider.styles.js">
        <metrics statements="2" coveredstatements="2" conditionals="0" coveredconditionals="0" methods="1" coveredmethods="1"/>
        <line num="15" count="1" type="stmt"/>
        <line num="16" count="1" type="stmt"/>
      </file>
    </package>
    <package name="components.common.typography_block">
      <metrics statements="7" coveredstatements="7" conditionals="16" coveredconditionals="11" methods="3" coveredmethods="3"/>
      <file name="typographyblock.jsx" path="D:\calcas\calcas-frontend-develop\packages\calcas-theme\src\components\common\typography_block\typographyblock.jsx">
        <metrics statements="3" coveredstatements="3" conditionals="4" coveredconditionals="4" methods="1" coveredmethods="1"/>
        <line num="34" count="4" type="stmt"/>
        <line num="59" count="4" type="stmt"/>
        <line num="63" count="4" type="stmt"/>
      </file>
      <file name="typographyblock.propTypes.js" path="D:\calcas\calcas-frontend-develop\packages\calcas-theme\src\components\common\typography_block\typographyblock.propTypes.js">
        <metrics statements="2" coveredstatements="2" conditionals="0" coveredconditionals="0" methods="0" coveredmethods="0"/>
        <line num="3" count="4" type="stmt"/>
        <line num="61" count="4" type="stmt"/>
      </file>
      <file name="typographyblock.styles.js" path="D:\calcas\calcas-frontend-develop\packages\calcas-theme\src\components\common\typography_block\typographyblock.styles.js">
        <metrics statements="2" coveredstatements="2" conditionals="12" coveredconditionals="7" methods="2" coveredmethods="2"/>
        <line num="4" count="4" type="stmt"/>
        <line num="9" count="4" type="stmt"/>
      </file>
    </package>
    <package name="components.navbar.claim-extra-components">
      <metrics statements="2" coveredstatements="1" conditionals="0" coveredconditionals="0" methods="4" coveredmethods="0"/>
      <file name="ClaimExtraComponent.jsx" path="D:\calcas\calcas-frontend-develop\packages\calcas-theme\src\components\navbar\claim-extra-components\ClaimExtraComponent.jsx">
        <metrics statements="2" coveredstatements="1" conditionals="0" coveredconditionals="0" methods="4" coveredmethods="0"/>
        <line num="7" count="3" type="stmt"/>
        <line num="8" count="0" type="stmt"/>
      </file>
    </package>
    <package name="components.navbar.navbar">
      <metrics statements="76" coveredstatements="54" conditionals="41" coveredconditionals="24" methods="28" coveredmethods="13"/>
      <file name="CustomMenu.jsx" path="D:\calcas\calcas-frontend-develop\packages\calcas-theme\src\components\navbar\navbar\CustomMenu.jsx">
        <metrics statements="5" coveredstatements="5" conditionals="0" coveredconditionals="0" methods="1" coveredmethods="1"/>
        <line num="6" count="2" type="stmt"/>
        <line num="14" count="1" type="stmt"/>
        <line num="16" count="1" type="stmt"/>
        <line num="33" count="2" type="stmt"/>
        <line num="36" count="2" type="stmt"/>
      </file>
      <file name="MenuBox.jsx" path="D:\calcas\calcas-frontend-develop\packages\calcas-theme\src\components\navbar\navbar\MenuBox.jsx">
        <metrics statements="7" coveredstatements="3" conditionals="5" coveredconditionals="0" methods="3" coveredmethods="0"/>
        <line num="10" count="2" type="stmt"/>
        <line num="14" count="0" type="stmt"/>
        <line num="16" count="0" type="stmt"/>
        <line num="22" count="0" type="cond" truecount="0" falsecount="2"/>
        <line num="34" count="0" type="stmt"/>
        <line num="47" count="2" type="stmt"/>
        <line num="50" count="2" type="stmt"/>
      </file>
      <file name="Navbar.jsx" path="D:\calcas\calcas-frontend-develop\packages\calcas-theme\src\components\navbar\navbar\Navbar.jsx">
        <metrics statements="26" coveredstatements="18" conditionals="4" coveredconditionals="3" methods="8" coveredmethods="4"/>
        <line num="12" count="2" type="stmt"/>
        <line num="15" count="1" type="stmt"/>
        <line num="17" count="1" type="stmt"/>
        <line num="18" count="1" type="stmt"/>
        <line num="19" count="1" type="stmt"/>
        <line num="21" count="1" type="stmt"/>
        <line num="23" count="1" type="stmt"/>
        <line num="24" count="0" type="stmt"/>
        <line num="25" count="0" type="stmt"/>
        <line num="26" count="0" type="stmt"/>
        <line num="29" count="1" type="stmt"/>
        <line num="30" count="0" type="stmt"/>
        <line num="31" count="0" type="stmt"/>
        <line num="32" count="0" type="stmt"/>
        <line num="35" count="1" type="stmt"/>
        <line num="52" count="4" type="stmt"/>
        <line num="55" count="0" type="stmt"/>
        <line num="63" count="0" type="stmt"/>
        <line num="80" count="2" type="stmt"/>
        <line num="81" count="1" type="stmt"/>
        <line num="97" count="2" type="stmt"/>
        <line num="98" count="1" type="stmt"/>
        <line num="110" count="2" type="stmt"/>
        <line num="113" count="2" type="stmt"/>
        <line num="116" count="2" type="stmt"/>
        <line num="119" count="2" type="stmt"/>
      </file>
      <file name="Navbar.propTypes.js" path="D:\calcas\calcas-frontend-develop\packages\calcas-theme\src\components\navbar\navbar\Navbar.propTypes.js">
        <metrics statements="16" coveredstatements="12" conditionals="0" coveredconditionals="0" methods="4" coveredmethods="0"/>
        <line num="4" count="2" type="stmt"/>
        <line num="14" count="2" type="stmt"/>
        <line num="22" count="2" type="stmt"/>
        <line num="29" count="2" type="stmt"/>
        <line num="30" count="0" type="stmt"/>
        <line num="35" count="2" type="stmt"/>
        <line num="38" count="2" type="stmt"/>
        <line num="41" count="2" type="stmt"/>
        <line num="57" count="2" type="stmt"/>
        <line num="78" count="2" type="stmt"/>
        <line num="85" count="2" type="stmt"/>
        <line num="87" count="0" type="stmt"/>
        <line num="88" count="0" type="stmt"/>
        <line num="93" count="2" type="stmt"/>
        <line num="96" count="2" type="stmt"/>
        <line num="97" count="0" type="stmt"/>
      </file>
      <file name="Navbar.styles.js" path="D:\calcas\calcas-frontend-develop\packages\calcas-theme\src\components\navbar\navbar\Navbar.styles.js">
        <metrics statements="8" coveredstatements="8" conditionals="20" coveredconditionals="17" methods="7" coveredmethods="7"/>
        <line num="5" count="19" type="stmt"/>
        <line num="21" count="3" type="stmt"/>
        <line num="26" count="3" type="stmt"/>
        <line num="31" count="3" type="stmt"/>
        <line num="36" count="6" type="stmt"/>
        <line num="41" count="3" type="stmt"/>
        <line num="42" count="1" type="stmt"/>
        <line num="46" count="1" type="stmt"/>
      </file>
      <file name="NavbarLinks.jsx" path="D:\calcas\calcas-frontend-develop\packages\calcas-theme\src\components\navbar\navbar\NavbarLinks.jsx">
        <metrics statements="9" coveredstatements="6" conditionals="8" coveredconditionals="4" methods="3" coveredmethods="1"/>
        <line num="7" count="2" type="stmt"/>
        <line num="14" count="5" type="stmt"/>
        <line num="16" count="5" type="stmt"/>
        <line num="17" count="0" type="stmt"/>
        <line num="18" count="0" type="stmt"/>
        <line num="20" count="5" type="stmt"/>
        <line num="29" count="0" type="stmt"/>
        <line num="43" count="2" type="stmt"/>
        <line num="46" count="2" type="stmt"/>
      </file>
      <file name="SubMenuSection.jsx" path="D:\calcas\calcas-frontend-develop\packages\calcas-theme\src\components\navbar\navbar\SubMenuSection.jsx">
        <metrics statements="5" coveredstatements="2" conditionals="4" coveredconditionals="0" methods="2" coveredmethods="0"/>
        <line num="12" count="0" type="stmt"/>
        <line num="13" count="0" type="stmt"/>
        <line num="31" count="0" type="stmt"/>
        <line num="50" count="2" type="stmt"/>
        <line num="53" count="2" type="stmt"/>
      </file>
    </package>
    <package name="components.navbar.navbar-data">
      <metrics statements="1" coveredstatements="1" conditionals="0" coveredconditionals="0" methods="0" coveredmethods="0"/>
      <file name="menu-item.js" path="D:\calcas\calcas-frontend-develop\packages\calcas-theme\src\components\navbar\navbar-data\menu-item.js">
        <metrics statements="1" coveredstatements="1" conditionals="0" coveredconditionals="0" methods="0" coveredmethods="0"/>
        <line num="6" count="3" type="stmt"/>
      </file>
    </package>
    <package name="utils">
      <metrics statements="9" coveredstatements="0" conditionals="9" coveredconditionals="0" methods="1" coveredmethods="0"/>
      <file name="colorUtils.js" path="D:\calcas\calcas-frontend-develop\packages\calcas-theme\src\utils\colorUtils.js">
        <metrics statements="9" coveredstatements="0" conditionals="9" coveredconditionals="0" methods="1" coveredmethods="0"/>
        <line num="8" count="0" type="cond" truecount="0" falsecount="2"/>
        <line num="9" count="0" type="stmt"/>
        <line num="11" count="0" type="stmt"/>
        <line num="12" count="0" type="stmt"/>
        <line num="13" count="0" type="stmt"/>
        <line num="15" count="0" type="cond" truecount="0" falsecount="2"/>
        <line num="16" count="0" type="cond" truecount="0" falsecount="2"/>
        <line num="17" count="0" type="cond" truecount="0" falsecount="2"/>
        <line num="19" count="0" type="stmt"/>
      </file>
    </package>
  </project>
</coverage>
