{"D:\\calcas\\calcas-frontend-develop\\packages\\calcas-theme\\src\\components\\common\\button\\button.jsx": {"path":"D:\\calcas\\calcas-frontend-develop\\packages\\calcas-theme\\src\\components\\common\\button\\button.jsx","statementMap":{"0":{"start":{"line":34,"column":22},"end":{"line":34,"column":72}},"1":{"start":{"line":35,"column":2},"end":{"line":51,"column":4}},"2":{"start":{"line":54,"column":0},"end":{"line":54,"column":42}},"3":{"start":{"line":56,"column":0},"end":{"line":56,"column":48}}},"fnMap":{"0":{"name":"Button","decl":{"start":{"line":21,"column":24},"end":{"line":21,"column":30}},"loc":{"start":{"line":33,"column":3},"end":{"line":52,"column":1}},"line":33}},"branchMap":{"0":{"loc":{"start":{"line":34,"column":22},"end":{"line":34,"column":72}},"type":"cond-expr","locations":[{"start":{"line":34,"column":55},"end":{"line":34,"column":64}},{"start":{"line":34,"column":67},"end":{"line":34,"column":72}}],"line":34},"1":{"loc":{"start":{"line":34,"column":22},"end":{"line":34,"column":52}},"type":"binary-expr","locations":[{"start":{"line":34,"column":22},"end":{"line":34,"column":27}},{"start":{"line":34,"column":31},"end":{"line":34,"column":52}}],"line":34}},"s":{"0":6,"1":6,"2":4,"3":4},"f":{"0":6},"b":{"0":[0,6],"1":[6,6]},"_coverageSchema":"1a1c01bbd47fc00a2c39e90264f33305004495a9","hash":"dde2100ea09f79e2322b5a1a4688710c798968b1"}
,"D:\\calcas\\calcas-frontend-develop\\packages\\calcas-theme\\src\\components\\common\\button\\button.propTypes.js": {"path":"D:\\calcas\\calcas-frontend-develop\\packages\\calcas-theme\\src\\components\\common\\button\\button.propTypes.js","statementMap":{"0":{"start":{"line":3,"column":31},"end":{"line":65,"column":1}},"1":{"start":{"line":67,"column":34},"end":{"line":71,"column":1}}},"fnMap":{},"branchMap":{},"s":{"0":4,"1":4},"f":{},"b":{},"_coverageSchema":"1a1c01bbd47fc00a2c39e90264f33305004495a9","hash":"52914a7323ce1c0782c627ebf38dd49087185a99"}
,"D:\\calcas\\calcas-frontend-develop\\packages\\calcas-theme\\src\\components\\common\\button\\button.styles.js": {"path":"D:\\calcas\\calcas-frontend-develop\\packages\\calcas-theme\\src\\components\\common\\button\\button.styles.js","statementMap":{"0":{"start":{"line":5,"column":28},"end":{"line":28,"column":1}},"1":{"start":{"line":6,"column":45},"end":{"line":27,"column":3}}},"fnMap":{"0":{"name":"(anonymous_0)","decl":{"start":{"line":6,"column":2},"end":{"line":6,"column":3}},"loc":{"start":{"line":6,"column":45},"end":{"line":27,"column":3}},"line":6}},"branchMap":{"0":{"loc":{"start":{"line":7,"column":8},"end":{"line":14,"column":10}},"type":"cond-expr","locations":[{"start":{"line":8,"column":8},"end":{"line":13,"column":9}},{"start":{"line":14,"column":8},"end":{"line":14,"column":10}}],"line":7},"1":{"loc":{"start":{"line":7,"column":8},"end":{"line":7,"column":77}},"type":"binary-expr","locations":[{"start":{"line":7,"column":8},"end":{"line":7,"column":19}},{"start":{"line":7,"column":23},"end":{"line":7,"column":50}},{"start":{"line":7,"column":54},"end":{"line":7,"column":77}}],"line":7},"2":{"loc":{"start":{"line":11,"column":29},"end":{"line":11,"column":70}},"type":"binary-expr","locations":[{"start":{"line":11,"column":29},"end":{"line":11,"column":39}},{"start":{"line":11,"column":43},"end":{"line":11,"column":70}}],"line":11},"3":{"loc":{"start":{"line":15,"column":8},"end":{"line":26,"column":10}},"type":"cond-expr","locations":[{"start":{"line":18,"column":8},"end":{"line":25,"column":9}},{"start":{"line":26,"column":8},"end":{"line":26,"column":10}}],"line":15},"4":{"loc":{"start":{"line":15,"column":8},"end":{"line":17,"column":50}},"type":"binary-expr","locations":[{"start":{"line":15,"column":8},"end":{"line":15,"column":19}},{"start":{"line":16,"column":4},"end":{"line":16,"column":31}},{"start":{"line":17,"column":5},"end":{"line":17,"column":27}},{"start":{"line":17,"column":31},"end":{"line":17,"column":49}}],"line":15},"5":{"loc":{"start":{"line":22,"column":25},"end":{"line":22,"column":66}},"type":"binary-expr","locations":[{"start":{"line":22,"column":25},"end":{"line":22,"column":35}},{"start":{"line":22,"column":39},"end":{"line":22,"column":66}}],"line":22},"6":{"loc":{"start":{"line":23,"column":19},"end":{"line":23,"column":60}},"type":"binary-expr","locations":[{"start":{"line":23,"column":19},"end":{"line":23,"column":29}},{"start":{"line":23,"column":33},"end":{"line":23,"column":60}}],"line":23}},"s":{"0":4,"1":6},"f":{"0":6},"b":{"0":[0,6],"1":[6,6,0],"2":[0,0],"3":[0,6],"4":[6,6,0,0],"5":[0,0],"6":[0,0]},"_coverageSchema":"1a1c01bbd47fc00a2c39e90264f33305004495a9","hash":"d70a3e3de1569da7f7628ee95ccafd9a67266169"}
,"D:\\calcas\\calcas-frontend-develop\\packages\\calcas-theme\\src\\components\\common\\divider\\Divider.jsx": {"path":"D:\\calcas\\calcas-frontend-develop\\packages\\calcas-theme\\src\\components\\common\\divider\\Divider.jsx","statementMap":{"0":{"start":{"line":26,"column":2},"end":{"line":33,"column":4}},"1":{"start":{"line":36,"column":0},"end":{"line":36,"column":51}},"2":{"start":{"line":37,"column":0},"end":{"line":37,"column":57}}},"fnMap":{"0":{"name":"Divider","decl":{"start":{"line":25,"column":9},"end":{"line":25,"column":16}},"loc":{"start":{"line":25,"column":70},"end":{"line":34,"column":1}},"line":25}},"branchMap":{},"s":{"0":1,"1":1,"2":1},"f":{"0":1},"b":{},"_coverageSchema":"1a1c01bbd47fc00a2c39e90264f33305004495a9","hash":"efccae797d2e71d5c1e12d8bca8dd07c9a1114b4"}
,"D:\\calcas\\calcas-frontend-develop\\packages\\calcas-theme\\src\\components\\common\\divider\\Divider.propTypes.js": {"path":"D:\\calcas\\calcas-frontend-develop\\packages\\calcas-theme\\src\\components\\common\\divider\\Divider.propTypes.js","statementMap":{"0":{"start":{"line":8,"column":46},"end":{"line":17,"column":1}},"1":{"start":{"line":24,"column":49},"end":{"line":29,"column":1}}},"fnMap":{},"branchMap":{},"s":{"0":1,"1":1},"f":{},"b":{},"_coverageSchema":"1a1c01bbd47fc00a2c39e90264f33305004495a9","hash":"af98170b71b8c7977a753481a357b67af9510dad"}
,"D:\\calcas\\calcas-frontend-develop\\packages\\calcas-theme\\src\\components\\common\\divider\\Divider.styles.js": {"path":"D:\\calcas\\calcas-frontend-develop\\packages\\calcas-theme\\src\\components\\common\\divider\\Divider.styles.js","statementMap":{"0":{"start":{"line":15,"column":29},"end":{"line":35,"column":1}},"1":{"start":{"line":16,"column":60},"end":{"line":34,"column":3}}},"fnMap":{"0":{"name":"(anonymous_0)","decl":{"start":{"line":16,"column":2},"end":{"line":16,"column":3}},"loc":{"start":{"line":16,"column":60},"end":{"line":34,"column":3}},"line":16}},"branchMap":{},"s":{"0":1,"1":1},"f":{"0":1},"b":{},"_coverageSchema":"1a1c01bbd47fc00a2c39e90264f33305004495a9","hash":"0bb6784dfed353fe7c5864e82ec6d1365c601809"}
,"D:\\calcas\\calcas-frontend-develop\\packages\\calcas-theme\\src\\components\\common\\typography_block\\typographyblock.jsx": {"path":"D:\\calcas\\calcas-frontend-develop\\packages\\calcas-theme\\src\\components\\common\\typography_block\\typographyblock.jsx","statementMap":{"0":{"start":{"line":34,"column":2},"end":{"line":56,"column":4}},"1":{"start":{"line":59,"column":0},"end":{"line":61,"column":2}},"2":{"start":{"line":63,"column":0},"end":{"line":65,"column":2}}},"fnMap":{"0":{"name":"TypographyBlock","decl":{"start":{"line":23,"column":24},"end":{"line":23,"column":39}},"loc":{"start":{"line":33,"column":3},"end":{"line":57,"column":1}},"line":33}},"branchMap":{"0":{"loc":{"start":{"line":36,"column":7},"end":{"line":44,"column":7}},"type":"binary-expr","locations":[{"start":{"line":36,"column":7},"end":{"line":36,"column":21}},{"start":{"line":37,"column":8},"end":{"line":43,"column":23}}],"line":36},"1":{"loc":{"start":{"line":45,"column":7},"end":{"line":54,"column":7}},"type":"binary-expr","locations":[{"start":{"line":45,"column":7},"end":{"line":45,"column":24}},{"start":{"line":46,"column":8},"end":{"line":53,"column":26}}],"line":45}},"s":{"0":4,"1":4,"2":4},"f":{"0":4},"b":{"0":[4,2],"1":[4,3]},"_coverageSchema":"1a1c01bbd47fc00a2c39e90264f33305004495a9","hash":"723bc429b94718ce17eb101077ece4af4bf2257f"}
,"D:\\calcas\\calcas-frontend-develop\\packages\\calcas-theme\\src\\components\\common\\typography_block\\typographyblock.propTypes.js": {"path":"D:\\calcas\\calcas-frontend-develop\\packages\\calcas-theme\\src\\components\\common\\typography_block\\typographyblock.propTypes.js","statementMap":{"0":{"start":{"line":3,"column":40},"end":{"line":59,"column":1}},"1":{"start":{"line":61,"column":43},"end":{"line":67,"column":1}}},"fnMap":{},"branchMap":{},"s":{"0":4,"1":4},"f":{},"b":{},"_coverageSchema":"1a1c01bbd47fc00a2c39e90264f33305004495a9","hash":"1daabcb14c4e631f0a0b8c88e662ed1f680337d3"}
,"D:\\calcas\\calcas-frontend-develop\\packages\\calcas-theme\\src\\components\\common\\typography_block\\typographyblock.styles.js": {"path":"D:\\calcas\\calcas-frontend-develop\\packages\\calcas-theme\\src\\components\\common\\typography_block\\typographyblock.styles.js","statementMap":{"0":{"start":{"line":4,"column":28},"end":{"line":7,"column":3}},"1":{"start":{"line":4,"column":75},"end":{"line":7,"column":1}},"2":{"start":{"line":9,"column":31},"end":{"line":12,"column":3}},"3":{"start":{"line":9,"column":78},"end":{"line":12,"column":1}}},"fnMap":{"0":{"name":"(anonymous_0)","decl":{"start":{"line":4,"column":47},"end":{"line":4,"column":48}},"loc":{"start":{"line":4,"column":75},"end":{"line":7,"column":1}},"line":4},"1":{"name":"(anonymous_1)","decl":{"start":{"line":9,"column":50},"end":{"line":9,"column":51}},"loc":{"start":{"line":9,"column":78},"end":{"line":12,"column":1}},"line":9}},"branchMap":{"0":{"loc":{"start":{"line":5,"column":14},"end":{"line":5,"column":37}},"type":"binary-expr","locations":[{"start":{"line":5,"column":14},"end":{"line":5,"column":24}},{"start":{"line":5,"column":28},"end":{"line":5,"column":37}}],"line":5},"1":{"loc":{"start":{"line":6,"column":6},"end":{"line":6,"column":60}},"type":"cond-expr","locations":[{"start":{"line":6,"column":39},"end":{"line":6,"column":55}},{"start":{"line":6,"column":58},"end":{"line":6,"column":60}}],"line":6},"2":{"loc":{"start":{"line":6,"column":6},"end":{"line":6,"column":36}},"type":"binary-expr","locations":[{"start":{"line":6,"column":6},"end":{"line":6,"column":11}},{"start":{"line":6,"column":15},"end":{"line":6,"column":36}}],"line":6},"3":{"loc":{"start":{"line":10,"column":14},"end":{"line":10,"column":36}},"type":"binary-expr","locations":[{"start":{"line":10,"column":14},"end":{"line":10,"column":24}},{"start":{"line":10,"column":28},"end":{"line":10,"column":36}}],"line":10},"4":{"loc":{"start":{"line":11,"column":6},"end":{"line":11,"column":60}},"type":"cond-expr","locations":[{"start":{"line":11,"column":39},"end":{"line":11,"column":55}},{"start":{"line":11,"column":58},"end":{"line":11,"column":60}}],"line":11},"5":{"loc":{"start":{"line":11,"column":6},"end":{"line":11,"column":36}},"type":"binary-expr","locations":[{"start":{"line":11,"column":6},"end":{"line":11,"column":11}},{"start":{"line":11,"column":15},"end":{"line":11,"column":36}}],"line":11}},"s":{"0":4,"1":2,"2":4,"3":3},"f":{"0":2,"1":3},"b":{"0":[2,0],"1":[0,2],"2":[2,0],"3":[3,0],"4":[0,3],"5":[3,1]},"_coverageSchema":"1a1c01bbd47fc00a2c39e90264f33305004495a9","hash":"16e81ce35b4d4b9e5d74dcae8ac168a6361eebd0"}
,"D:\\calcas\\calcas-frontend-develop\\packages\\calcas-theme\\src\\components\\navbar\\claim-extra-components\\ClaimExtraComponent.jsx": {"path":"D:\\calcas\\calcas-frontend-develop\\packages\\calcas-theme\\src\\components\\navbar\\claim-extra-components\\ClaimExtraComponent.jsx","statementMap":{"0":{"start":{"line":7,"column":35},"end":{"line":31,"column":1}},"1":{"start":{"line":8,"column":4},"end":{"line":30,"column":6}}},"fnMap":{"0":{"name":"(anonymous_0)","decl":{"start":{"line":7,"column":35},"end":{"line":7,"column":36}},"loc":{"start":{"line":7,"column":39},"end":{"line":31,"column":1}},"line":7},"1":{"name":"(anonymous_1)","decl":{"start":{"line":13,"column":33},"end":{"line":13,"column":34}},"loc":{"start":{"line":13,"column":39},"end":{"line":13,"column":41}},"line":13},"2":{"name":"(anonymous_2)","decl":{"start":{"line":14,"column":33},"end":{"line":14,"column":34}},"loc":{"start":{"line":14,"column":39},"end":{"line":14,"column":41}},"line":14},"3":{"name":"(anonymous_3)","decl":{"start":{"line":15,"column":37},"end":{"line":15,"column":38}},"loc":{"start":{"line":15,"column":43},"end":{"line":15,"column":45}},"line":15}},"branchMap":{},"s":{"0":3,"1":0},"f":{"0":0,"1":0,"2":0,"3":0},"b":{},"_coverageSchema":"1a1c01bbd47fc00a2c39e90264f33305004495a9","hash":"99b09a4774e1df5f19e275bf88336c0761c72e2f"}
,"D:\\calcas\\calcas-frontend-develop\\packages\\calcas-theme\\src\\components\\navbar\\navbar\\CustomMenu.jsx": {"path":"D:\\calcas\\calcas-frontend-develop\\packages\\calcas-theme\\src\\components\\navbar\\navbar\\CustomMenu.jsx","statementMap":{"0":{"start":{"line":6,"column":19},"end":{"line":31,"column":1}},"1":{"start":{"line":14,"column":8},"end":{"line":14,"column":13}},"2":{"start":{"line":16,"column":4},"end":{"line":30,"column":6}},"3":{"start":{"line":33,"column":0},"end":{"line":35,"column":1}},"4":{"start":{"line":36,"column":0},"end":{"line":38,"column":1}}},"fnMap":{"0":{"name":"(anonymous_0)","decl":{"start":{"line":6,"column":19},"end":{"line":6,"column":20}},"loc":{"start":{"line":6,"column":30},"end":{"line":31,"column":1}},"line":6}},"branchMap":{},"s":{"0":2,"1":1,"2":1,"3":2,"4":2},"f":{"0":1},"b":{},"_coverageSchema":"1a1c01bbd47fc00a2c39e90264f33305004495a9","hash":"c40311d186610395cbfa9d179fe2918dc6cd0432"}
,"D:\\calcas\\calcas-frontend-develop\\packages\\calcas-theme\\src\\components\\navbar\\navbar\\MenuBox.jsx": {"path":"D:\\calcas\\calcas-frontend-develop\\packages\\calcas-theme\\src\\components\\navbar\\navbar\\MenuBox.jsx","statementMap":{"0":{"start":{"line":10,"column":16},"end":{"line":45,"column":1}},"1":{"start":{"line":14,"column":8},"end":{"line":14,"column":13}},"2":{"start":{"line":16,"column":4},"end":{"line":44,"column":6}},"3":{"start":{"line":22,"column":20},"end":{"line":40,"column":21}},"4":{"start":{"line":34,"column":28},"end":{"line":38,"column":29}},"5":{"start":{"line":47,"column":0},"end":{"line":49,"column":2}},"6":{"start":{"line":50,"column":0},"end":{"line":52,"column":1}}},"fnMap":{"0":{"name":"(anonymous_0)","decl":{"start":{"line":10,"column":16},"end":{"line":10,"column":17}},"loc":{"start":{"line":10,"column":27},"end":{"line":45,"column":1}},"line":10},"1":{"name":"(anonymous_1)","decl":{"start":{"line":21,"column":47},"end":{"line":21,"column":48}},"loc":{"start":{"line":21,"column":64},"end":{"line":41,"column":17}},"line":21},"2":{"name":"(anonymous_2)","decl":{"start":{"line":33,"column":57},"end":{"line":33,"column":58}},"loc":{"start":{"line":33,"column":84},"end":{"line":39,"column":25}},"line":33}},"branchMap":{"0":{"loc":{"start":{"line":19,"column":16},"end":{"line":41,"column":18}},"type":"binary-expr","locations":[{"start":{"line":19,"column":16},"end":{"line":19,"column":30}},{"start":{"line":20,"column":19},"end":{"line":20,"column":42}},{"start":{"line":21,"column":19},"end":{"line":41,"column":18}}],"line":19},"1":{"loc":{"start":{"line":22,"column":27},"end":{"line":40,"column":21}},"type":"cond-expr","locations":[{"start":{"line":23,"column":24},"end":{"line":31,"column":69}},{"start":{"line":33,"column":24},"end":{"line":39,"column":26}}],"line":22}},"s":{"0":2,"1":0,"2":0,"3":0,"4":0,"5":2,"6":2},"f":{"0":0,"1":0,"2":0},"b":{"0":[0,0,0],"1":[0,0]},"_coverageSchema":"1a1c01bbd47fc00a2c39e90264f33305004495a9","hash":"603c6fb748be1eace549b9dd48809df0d40a2420"}
,"D:\\calcas\\calcas-frontend-develop\\packages\\calcas-theme\\src\\components\\navbar\\navbar\\Navbar.jsx": {"path":"D:\\calcas\\calcas-frontend-develop\\packages\\calcas-theme\\src\\components\\navbar\\navbar\\Navbar.jsx","statementMap":{"0":{"start":{"line":12,"column":15},"end":{"line":78,"column":1}},"1":{"start":{"line":15,"column":8},"end":{"line":15,"column":13}},"2":{"start":{"line":17,"column":36},"end":{"line":17,"column":50}},"3":{"start":{"line":18,"column":44},"end":{"line":18,"column":56}},"4":{"start":{"line":19,"column":34},"end":{"line":19,"column":46}},"5":{"start":{"line":21,"column":17},"end":{"line":21,"column":34}},"6":{"start":{"line":23,"column":24},"end":{"line":27,"column":9}},"7":{"start":{"line":24,"column":8},"end":{"line":24,"column":41}},"8":{"start":{"line":25,"column":8},"end":{"line":25,"column":38}},"9":{"start":{"line":26,"column":8},"end":{"line":26,"column":28}},"10":{"start":{"line":29,"column":24},"end":{"line":33,"column":9}},"11":{"start":{"line":30,"column":8},"end":{"line":30,"column":26}},"12":{"start":{"line":31,"column":8},"end":{"line":31,"column":27}},"13":{"start":{"line":32,"column":8},"end":{"line":32,"column":22}},"14":{"start":{"line":35,"column":4},"end":{"line":77,"column":6}},"15":{"start":{"line":52,"column":44},"end":{"line":60,"column":45}},"16":{"start":{"line":55,"column":81},"end":{"line":55,"column":121}},"17":{"start":{"line":63,"column":68},"end":{"line":63,"column":81}},"18":{"start":{"line":80,"column":24},"end":{"line":95,"column":1}},"19":{"start":{"line":81,"column":4},"end":{"line":94,"column":5}},"20":{"start":{"line":97,"column":26},"end":{"line":108,"column":1}},"21":{"start":{"line":98,"column":4},"end":{"line":107,"column":5}},"22":{"start":{"line":110,"column":0},"end":{"line":112,"column":2}},"23":{"start":{"line":113,"column":0},"end":{"line":115,"column":1}},"24":{"start":{"line":116,"column":0},"end":{"line":118,"column":1}},"25":{"start":{"line":119,"column":0},"end":{"line":121,"column":1}}},"fnMap":{"0":{"name":"(anonymous_0)","decl":{"start":{"line":12,"column":15},"end":{"line":12,"column":16}},"loc":{"start":{"line":12,"column":26},"end":{"line":78,"column":1}},"line":12},"1":{"name":"(anonymous_1)","decl":{"start":{"line":23,"column":36},"end":{"line":23,"column":37}},"loc":{"start":{"line":23,"column":68},"end":{"line":27,"column":5}},"line":23},"2":{"name":"(anonymous_2)","decl":{"start":{"line":29,"column":36},"end":{"line":29,"column":37}},"loc":{"start":{"line":29,"column":42},"end":{"line":33,"column":5}},"line":29},"3":{"name":"(anonymous_3)","decl":{"start":{"line":51,"column":59},"end":{"line":51,"column":60}},"loc":{"start":{"line":51,"column":76},"end":{"line":61,"column":41}},"line":51},"4":{"name":"(anonymous_4)","decl":{"start":{"line":55,"column":72},"end":{"line":55,"column":73}},"loc":{"start":{"line":55,"column":81},"end":{"line":55,"column":121}},"line":55},"5":{"name":"(anonymous_5)","decl":{"start":{"line":63,"column":63},"end":{"line":63,"column":64}},"loc":{"start":{"line":63,"column":67},"end":{"line":63,"column":82}},"line":63},"6":{"name":"(anonymous_6)","decl":{"start":{"line":80,"column":24},"end":{"line":80,"column":25}},"loc":{"start":{"line":80,"column":45},"end":{"line":95,"column":1}},"line":80},"7":{"name":"(anonymous_7)","decl":{"start":{"line":97,"column":26},"end":{"line":97,"column":27}},"loc":{"start":{"line":97,"column":32},"end":{"line":108,"column":1}},"line":97}},"branchMap":{"0":{"loc":{"start":{"line":51,"column":40},"end":{"line":61,"column":42}},"type":"binary-expr","locations":[{"start":{"line":51,"column":40},"end":{"line":51,"column":45}},{"start":{"line":51,"column":49},"end":{"line":61,"column":42}}],"line":51},"1":{"loc":{"start":{"line":58,"column":68},"end":{"line":58,"column":109}},"type":"cond-expr","locations":[{"start":{"line":58,"column":99},"end":{"line":58,"column":103}},{"start":{"line":58,"column":104},"end":{"line":58,"column":109}}],"line":58}},"s":{"0":2,"1":1,"2":1,"3":1,"4":1,"5":1,"6":1,"7":0,"8":0,"9":0,"10":1,"11":0,"12":0,"13":0,"14":1,"15":4,"16":0,"17":0,"18":2,"19":1,"20":2,"21":1,"22":2,"23":2,"24":2,"25":2},"f":{"0":1,"1":0,"2":0,"3":4,"4":0,"5":0,"6":1,"7":1},"b":{"0":[1,1],"1":[0,4]},"_coverageSchema":"1a1c01bbd47fc00a2c39e90264f33305004495a9","hash":"732bc5d47872c4045453512b90ba528accb33d45"}
,"D:\\calcas\\calcas-frontend-develop\\packages\\calcas-theme\\src\\components\\navbar\\navbar\\Navbar.propTypes.js": {"path":"D:\\calcas\\calcas-frontend-develop\\packages\\calcas-theme\\src\\components\\navbar\\navbar\\Navbar.propTypes.js","statementMap":{"0":{"start":{"line":4,"column":31},"end":{"line":13,"column":1}},"1":{"start":{"line":14,"column":34},"end":{"line":21,"column":1}},"2":{"start":{"line":22,"column":35},"end":{"line":28,"column":1}},"3":{"start":{"line":29,"column":38},"end":{"line":34,"column":1}},"4":{"start":{"line":30,"column":26},"end":{"line":30,"column":92}},"5":{"start":{"line":35,"column":32},"end":{"line":37,"column":1}},"6":{"start":{"line":38,"column":35},"end":{"line":40,"column":1}},"7":{"start":{"line":41,"column":39},"end":{"line":56,"column":1}},"8":{"start":{"line":57,"column":42},"end":{"line":77,"column":1}},"9":{"start":{"line":78,"column":36},"end":{"line":84,"column":1}},"10":{"start":{"line":85,"column":39},"end":{"line":91,"column":1}},"11":{"start":{"line":87,"column":25},"end":{"line":87,"column":91}},"12":{"start":{"line":88,"column":26},"end":{"line":88,"column":93}},"13":{"start":{"line":93,"column":32},"end":{"line":95,"column":1}},"14":{"start":{"line":96,"column":36},"end":{"line":98,"column":1}},"15":{"start":{"line":97,"column":26},"end":{"line":97,"column":90}}},"fnMap":{"0":{"name":"(anonymous_0)","decl":{"start":{"line":30,"column":21},"end":{"line":30,"column":22}},"loc":{"start":{"line":30,"column":25},"end":{"line":30,"column":93}},"line":30},"1":{"name":"(anonymous_1)","decl":{"start":{"line":87,"column":20},"end":{"line":87,"column":21}},"loc":{"start":{"line":87,"column":24},"end":{"line":87,"column":92}},"line":87},"2":{"name":"(anonymous_2)","decl":{"start":{"line":88,"column":21},"end":{"line":88,"column":22}},"loc":{"start":{"line":88,"column":25},"end":{"line":88,"column":94}},"line":88},"3":{"name":"(anonymous_3)","decl":{"start":{"line":97,"column":21},"end":{"line":97,"column":22}},"loc":{"start":{"line":97,"column":25},"end":{"line":97,"column":91}},"line":97}},"branchMap":{},"s":{"0":2,"1":2,"2":2,"3":2,"4":0,"5":2,"6":2,"7":2,"8":2,"9":2,"10":2,"11":0,"12":0,"13":2,"14":2,"15":0},"f":{"0":0,"1":0,"2":0,"3":0},"b":{},"_coverageSchema":"1a1c01bbd47fc00a2c39e90264f33305004495a9","hash":"13b1fd3c2e9a01d2195dd4cd55ccaceb8fdbd1b7"}
,"D:\\calcas\\calcas-frontend-develop\\packages\\calcas-theme\\src\\components\\navbar\\navbar\\Navbar.styles.js": {"path":"D:\\calcas\\calcas-frontend-develop\\packages\\calcas-theme\\src\\components\\navbar\\navbar\\Navbar.styles.js","statementMap":{"0":{"start":{"line":5,"column":25},"end":{"line":20,"column":3}},"1":{"start":{"line":5,"column":108},"end":{"line":20,"column":1}},"2":{"start":{"line":21,"column":31},"end":{"line":25,"column":3}},"3":{"start":{"line":21,"column":56},"end":{"line":25,"column":1}},"4":{"start":{"line":26,"column":28},"end":{"line":30,"column":3}},"5":{"start":{"line":26,"column":50},"end":{"line":30,"column":1}},"6":{"start":{"line":31,"column":29},"end":{"line":35,"column":3}},"7":{"start":{"line":31,"column":52},"end":{"line":35,"column":1}},"8":{"start":{"line":36,"column":26},"end":{"line":38,"column":3}},"9":{"start":{"line":36,"column":46},"end":{"line":38,"column":1}},"10":{"start":{"line":41,"column":26},"end":{"line":81,"column":3}},"11":{"start":{"line":42,"column":4},"end":{"line":45,"column":6}},"12":{"start":{"line":46,"column":19},"end":{"line":81,"column":1}}},"fnMap":{"0":{"name":"(anonymous_0)","decl":{"start":{"line":5,"column":37},"end":{"line":5,"column":38}},"loc":{"start":{"line":5,"column":108},"end":{"line":20,"column":1}},"line":5},"1":{"name":"(anonymous_1)","decl":{"start":{"line":21,"column":49},"end":{"line":21,"column":50}},"loc":{"start":{"line":21,"column":56},"end":{"line":25,"column":1}},"line":21},"2":{"name":"(anonymous_2)","decl":{"start":{"line":26,"column":43},"end":{"line":26,"column":44}},"loc":{"start":{"line":26,"column":50},"end":{"line":30,"column":1}},"line":26},"3":{"name":"(anonymous_3)","decl":{"start":{"line":31,"column":45},"end":{"line":31,"column":46}},"loc":{"start":{"line":31,"column":52},"end":{"line":35,"column":1}},"line":31},"4":{"name":"(anonymous_4)","decl":{"start":{"line":36,"column":39},"end":{"line":36,"column":40}},"loc":{"start":{"line":36,"column":46},"end":{"line":38,"column":1}},"line":36},"5":{"name":"(anonymous_5)","decl":{"start":{"line":41,"column":33},"end":{"line":41,"column":34}},"loc":{"start":{"line":42,"column":4},"end":{"line":45,"column":6}},"line":42},"6":{"name":"(anonymous_6)","decl":{"start":{"line":46,"column":3},"end":{"line":46,"column":4}},"loc":{"start":{"line":46,"column":19},"end":{"line":81,"column":1}},"line":46}},"branchMap":{"0":{"loc":{"start":{"line":6,"column":14},"end":{"line":8,"column":16}},"type":"cond-expr","locations":[{"start":{"line":7,"column":11},"end":{"line":7,"column":63}},{"start":{"line":8,"column":10},"end":{"line":8,"column":16}}],"line":6},"1":{"loc":{"start":{"line":7,"column":11},"end":{"line":7,"column":63}},"type":"cond-expr","locations":[{"start":{"line":7,"column":41},"end":{"line":7,"column":48}},{"start":{"line":7,"column":51},"end":{"line":7,"column":63}}],"line":7},"2":{"loc":{"start":{"line":12,"column":8},"end":{"line":12,"column":26}},"type":"binary-expr","locations":[{"start":{"line":12,"column":8},"end":{"line":12,"column":16}},{"start":{"line":12,"column":20},"end":{"line":12,"column":26}}],"line":12},"3":{"loc":{"start":{"line":13,"column":8},"end":{"line":13,"column":26}},"type":"binary-expr","locations":[{"start":{"line":13,"column":8},"end":{"line":13,"column":16}},{"start":{"line":13,"column":20},"end":{"line":13,"column":26}}],"line":13},"4":{"loc":{"start":{"line":14,"column":20},"end":{"line":14,"column":44}},"type":"binary-expr","locations":[{"start":{"line":14,"column":20},"end":{"line":14,"column":34}},{"start":{"line":14,"column":38},"end":{"line":14,"column":44}}],"line":14},"5":{"loc":{"start":{"line":15,"column":16},"end":{"line":15,"column":36}},"type":"binary-expr","locations":[{"start":{"line":15,"column":16},"end":{"line":15,"column":26}},{"start":{"line":15,"column":30},"end":{"line":15,"column":36}}],"line":15},"6":{"loc":{"start":{"line":16,"column":12},"end":{"line":18,"column":16}},"type":"cond-expr","locations":[{"start":{"line":17,"column":11},"end":{"line":17,"column":57}},{"start":{"line":18,"column":10},"end":{"line":18,"column":16}}],"line":16},"7":{"loc":{"start":{"line":17,"column":11},"end":{"line":17,"column":57}},"type":"cond-expr","locations":[{"start":{"line":17,"column":39},"end":{"line":17,"column":44}},{"start":{"line":17,"column":47},"end":{"line":17,"column":57}}],"line":17},"8":{"loc":{"start":{"line":19,"column":12},"end":{"line":19,"column":28}},"type":"binary-expr","locations":[{"start":{"line":19,"column":12},"end":{"line":19,"column":18}},{"start":{"line":19,"column":22},"end":{"line":19,"column":28}}],"line":19},"9":{"loc":{"start":{"line":61,"column":12},"end":{"line":61,"column":88}},"type":"cond-expr","locations":[{"start":{"line":61,"column":45},"end":{"line":61,"column":62}},{"start":{"line":61,"column":65},"end":{"line":61,"column":88}}],"line":61}},"s":{"0":3,"1":19,"2":3,"3":1,"4":3,"5":1,"6":3,"7":1,"8":3,"9":6,"10":3,"11":1,"12":1},"f":{"0":19,"1":1,"2":1,"3":1,"4":6,"5":1,"6":1},"b":{"0":[2,17],"1":[0,2],"2":[19,18],"3":[19,19],"4":[19,17],"5":[19,13],"6":[2,17],"7":[0,2],"8":[19,18],"9":[1,0]},"_coverageSchema":"1a1c01bbd47fc00a2c39e90264f33305004495a9","hash":"8398a41bfd7bde64d7459245e3d0c6b808af0270"}
,"D:\\calcas\\calcas-frontend-develop\\packages\\calcas-theme\\src\\components\\navbar\\navbar\\NavbarLinks.jsx": {"path":"D:\\calcas\\calcas-frontend-develop\\packages\\calcas-theme\\src\\components\\navbar\\navbar\\NavbarLinks.jsx","statementMap":{"0":{"start":{"line":7,"column":20},"end":{"line":41,"column":1}},"1":{"start":{"line":14,"column":8},"end":{"line":14,"column":13}},"2":{"start":{"line":16,"column":30},"end":{"line":19,"column":5}},"3":{"start":{"line":17,"column":8},"end":{"line":17,"column":27}},"4":{"start":{"line":18,"column":8},"end":{"line":18,"column":58}},"5":{"start":{"line":20,"column":4},"end":{"line":40,"column":6}},"6":{"start":{"line":29,"column":41},"end":{"line":29,"column":88}},"7":{"start":{"line":43,"column":0},"end":{"line":45,"column":1}},"8":{"start":{"line":46,"column":0},"end":{"line":48,"column":1}}},"fnMap":{"0":{"name":"(anonymous_0)","decl":{"start":{"line":7,"column":20},"end":{"line":7,"column":21}},"loc":{"start":{"line":7,"column":31},"end":{"line":41,"column":1}},"line":7},"1":{"name":"(anonymous_1)","decl":{"start":{"line":16,"column":30},"end":{"line":16,"column":31}},"loc":{"start":{"line":16,"column":37},"end":{"line":19,"column":5}},"line":16},"2":{"name":"(anonymous_2)","decl":{"start":{"line":29,"column":36},"end":{"line":29,"column":37}},"loc":{"start":{"line":29,"column":41},"end":{"line":29,"column":88}},"line":29}},"branchMap":{"0":{"loc":{"start":{"line":24,"column":26},"end":{"line":24,"column":48}},"type":"binary-expr","locations":[{"start":{"line":24,"column":26},"end":{"line":24,"column":41}},{"start":{"line":24,"column":45},"end":{"line":24,"column":48}}],"line":24},"1":{"loc":{"start":{"line":26,"column":35},"end":{"line":26,"column":76}},"type":"cond-expr","locations":[{"start":{"line":26,"column":46},"end":{"line":26,"column":64}},{"start":{"line":26,"column":67},"end":{"line":26,"column":76}}],"line":26},"2":{"loc":{"start":{"line":28,"column":35},"end":{"line":28,"column":64}},"type":"cond-expr","locations":[{"start":{"line":28,"column":46},"end":{"line":28,"column":52}},{"start":{"line":28,"column":55},"end":{"line":28,"column":64}}],"line":28},"3":{"loc":{"start":{"line":37,"column":17},"end":{"line":37,"column":148}},"type":"cond-expr","locations":[{"start":{"line":37,"column":30},"end":{"line":37,"column":87}},{"start":{"line":37,"column":88},"end":{"line":37,"column":148}}],"line":37}},"s":{"0":2,"1":5,"2":5,"3":0,"4":0,"5":5,"6":0,"7":2,"8":2},"f":{"0":5,"1":0,"2":0},"b":{"0":[5,0],"1":[0,5],"2":[0,5],"3":[0,5]},"_coverageSchema":"1a1c01bbd47fc00a2c39e90264f33305004495a9","hash":"a98361bc54bc44b2689516eb92eb8005b45e645f"}
,"D:\\calcas\\calcas-frontend-develop\\packages\\calcas-theme\\src\\components\\navbar\\navbar\\SubMenuSection.jsx": {"path":"D:\\calcas\\calcas-frontend-develop\\packages\\calcas-theme\\src\\components\\navbar\\navbar\\SubMenuSection.jsx","statementMap":{"0":{"start":{"line":12,"column":8},"end":{"line":12,"column":13}},"1":{"start":{"line":13,"column":4},"end":{"line":47,"column":6}},"2":{"start":{"line":31,"column":28},"end":{"line":41,"column":29}},"3":{"start":{"line":50,"column":0},"end":{"line":52,"column":1}},"4":{"start":{"line":53,"column":0},"end":{"line":55,"column":1}}},"fnMap":{"0":{"name":"SubMenuSection","decl":{"start":{"line":7,"column":9},"end":{"line":7,"column":23}},"loc":{"start":{"line":7,"column":31},"end":{"line":48,"column":1}},"line":7},"1":{"name":"(anonymous_1)","decl":{"start":{"line":30,"column":47},"end":{"line":30,"column":48}},"loc":{"start":{"line":30,"column":71},"end":{"line":42,"column":25}},"line":30}},"branchMap":{"0":{"loc":{"start":{"line":18,"column":24},"end":{"line":18,"column":48}},"type":"binary-expr","locations":[{"start":{"line":18,"column":24},"end":{"line":18,"column":34}},{"start":{"line":18,"column":38},"end":{"line":18,"column":48}}],"line":18},"1":{"loc":{"start":{"line":30,"column":24},"end":{"line":42,"column":26}},"type":"binary-expr","locations":[{"start":{"line":30,"column":24},"end":{"line":30,"column":31}},{"start":{"line":30,"column":35},"end":{"line":42,"column":26}}],"line":30}},"s":{"0":0,"1":0,"2":0,"3":2,"4":2},"f":{"0":0,"1":0},"b":{"0":[0,0],"1":[0,0]},"_coverageSchema":"1a1c01bbd47fc00a2c39e90264f33305004495a9","hash":"87c6c154cf9e0d08e04027eee357c99f9ff88aa8"}
,"D:\\calcas\\calcas-frontend-develop\\packages\\calcas-theme\\src\\components\\navbar\\navbar-data\\menu-item.js": {"path":"D:\\calcas\\calcas-frontend-develop\\packages\\calcas-theme\\src\\components\\navbar\\navbar-data\\menu-item.js","statementMap":{"0":{"start":{"line":6,"column":14},"end":{"line":284,"column":1}}},"fnMap":{},"branchMap":{},"s":{"0":3},"f":{},"b":{},"_coverageSchema":"1a1c01bbd47fc00a2c39e90264f33305004495a9","hash":"18ea2080045108f1c91c98294daf94466ea7e824"}
,"D:\\calcas\\calcas-frontend-develop\\packages\\calcas-theme\\src\\utils\\colorUtils.js": {"path":"D:\\calcas\\calcas-frontend-develop\\packages\\calcas-theme\\src\\utils\\colorUtils.js","statementMap":{"0":{"start":{"line":8,"column":14},"end":{"line":8,"column":54}},"1":{"start":{"line":9,"column":14},"end":{"line":9,"column":33}},"2":{"start":{"line":11,"column":10},"end":{"line":11,"column":30}},"3":{"start":{"line":12,"column":10},"end":{"line":12,"column":40}},"4":{"start":{"line":13,"column":10},"end":{"line":13,"column":35}},"5":{"start":{"line":15,"column":2},"end":{"line":15,"column":20}},"6":{"start":{"line":16,"column":2},"end":{"line":16,"column":20}},"7":{"start":{"line":17,"column":2},"end":{"line":17,"column":20}},"8":{"start":{"line":19,"column":2},"end":{"line":19,"column":72}}},"fnMap":{"0":{"name":"darkenHexColor","decl":{"start":{"line":7,"column":24},"end":{"line":7,"column":38}},"loc":{"start":{"line":7,"column":57},"end":{"line":20,"column":1}},"line":7}},"branchMap":{"0":{"loc":{"start":{"line":7,"column":44},"end":{"line":7,"column":55}},"type":"default-arg","locations":[{"start":{"line":7,"column":53},"end":{"line":7,"column":55}}],"line":7},"1":{"loc":{"start":{"line":8,"column":14},"end":{"line":8,"column":54}},"type":"cond-expr","locations":[{"start":{"line":8,"column":36},"end":{"line":8,"column":48}},{"start":{"line":8,"column":51},"end":{"line":8,"column":54}}],"line":8},"2":{"loc":{"start":{"line":15,"column":6},"end":{"line":15,"column":19}},"type":"cond-expr","locations":[{"start":{"line":15,"column":14},"end":{"line":15,"column":15}},{"start":{"line":15,"column":18},"end":{"line":15,"column":19}}],"line":15},"3":{"loc":{"start":{"line":16,"column":6},"end":{"line":16,"column":19}},"type":"cond-expr","locations":[{"start":{"line":16,"column":14},"end":{"line":16,"column":15}},{"start":{"line":16,"column":18},"end":{"line":16,"column":19}}],"line":16},"4":{"loc":{"start":{"line":17,"column":6},"end":{"line":17,"column":19}},"type":"cond-expr","locations":[{"start":{"line":17,"column":14},"end":{"line":17,"column":15}},{"start":{"line":17,"column":18},"end":{"line":17,"column":19}}],"line":17}},"s":{"0":0,"1":0,"2":0,"3":0,"4":0,"5":0,"6":0,"7":0,"8":0},"f":{"0":0},"b":{"0":[0],"1":[0,0],"2":[0,0],"3":[0,0],"4":[0,0]},"_coverageSchema":"1a1c01bbd47fc00a2c39e90264f33305004495a9","hash":"0d8b817fe32f04bfb86022a6461b2d83e6329c4a"}
}
