TN:
SF:packages\calcas-theme\src\components\common\button\button.jsx
FN:21,Button
FNF:1
FNH:1
FNDA:6,Button
DA:34,6
DA:35,6
DA:54,4
DA:56,4
LF:4
LH:4
BRDA:34,0,0,0
BRDA:34,0,1,6
BRDA:34,1,0,6
BRDA:34,1,1,6
BRF:4
BRH:3
end_of_record
TN:
SF:packages\calcas-theme\src\components\common\button\button.propTypes.js
FNF:0
FNH:0
DA:3,4
DA:67,4
LF:2
LH:2
BRF:0
BRH:0
end_of_record
TN:
SF:packages\calcas-theme\src\components\common\button\button.styles.js
FN:6,(anonymous_0)
FNF:1
FNH:1
FNDA:6,(anonymous_0)
DA:5,4
DA:6,6
LF:2
LH:2
BRDA:7,0,0,0
BRDA:7,0,1,6
BRDA:7,1,0,6
BRDA:7,1,1,6
BRDA:7,1,2,0
BRDA:11,2,0,0
BRDA:11,2,1,0
BRDA:15,3,0,0
BRDA:15,3,1,6
BRDA:15,4,0,6
BRDA:15,4,1,6
BRDA:15,4,2,0
BRDA:15,4,3,0
BRDA:22,5,0,0
BRDA:22,5,1,0
BRDA:23,6,0,0
BRDA:23,6,1,0
BRF:17
BRH:6
end_of_record
TN:
SF:packages\calcas-theme\src\components\common\divider\Divider.jsx
FN:25,Divider
FNF:1
FNH:1
FNDA:1,Divider
DA:26,1
DA:36,1
DA:37,1
LF:3
LH:3
BRF:0
BRH:0
end_of_record
TN:
SF:packages\calcas-theme\src\components\common\divider\Divider.propTypes.js
FNF:0
FNH:0
DA:8,1
DA:24,1
LF:2
LH:2
BRF:0
BRH:0
end_of_record
TN:
SF:packages\calcas-theme\src\components\common\divider\Divider.styles.js
FN:16,(anonymous_0)
FNF:1
FNH:1
FNDA:1,(anonymous_0)
DA:15,1
DA:16,1
LF:2
LH:2
BRF:0
BRH:0
end_of_record
TN:
SF:packages\calcas-theme\src\components\common\typography_block\typographyblock.jsx
FN:23,TypographyBlock
FNF:1
FNH:1
FNDA:4,TypographyBlock
DA:34,4
DA:59,4
DA:63,4
LF:3
LH:3
BRDA:36,0,0,4
BRDA:36,0,1,2
BRDA:45,1,0,4
BRDA:45,1,1,3
BRF:4
BRH:4
end_of_record
TN:
SF:packages\calcas-theme\src\components\common\typography_block\typographyblock.propTypes.js
FNF:0
FNH:0
DA:3,4
DA:61,4
LF:2
LH:2
BRF:0
BRH:0
end_of_record
TN:
SF:packages\calcas-theme\src\components\common\typography_block\typographyblock.styles.js
FN:4,(anonymous_0)
FN:9,(anonymous_1)
FNF:2
FNH:2
FNDA:2,(anonymous_0)
FNDA:3,(anonymous_1)
DA:4,4
DA:9,4
LF:2
LH:2
BRDA:5,0,0,2
BRDA:5,0,1,0
BRDA:6,1,0,0
BRDA:6,1,1,2
BRDA:6,2,0,2
BRDA:6,2,1,0
BRDA:10,3,0,3
BRDA:10,3,1,0
BRDA:11,4,0,0
BRDA:11,4,1,3
BRDA:11,5,0,3
BRDA:11,5,1,1
BRF:12
BRH:7
end_of_record
TN:
SF:packages\calcas-theme\src\components\navbar\claim-extra-components\ClaimExtraComponent.jsx
FN:7,(anonymous_0)
FN:13,(anonymous_1)
FN:14,(anonymous_2)
FN:15,(anonymous_3)
FNF:4
FNH:0
FNDA:0,(anonymous_0)
FNDA:0,(anonymous_1)
FNDA:0,(anonymous_2)
FNDA:0,(anonymous_3)
DA:7,3
DA:8,0
LF:2
LH:1
BRF:0
BRH:0
end_of_record
TN:
SF:packages\calcas-theme\src\components\navbar\navbar\CustomMenu.jsx
FN:6,(anonymous_0)
FNF:1
FNH:1
FNDA:1,(anonymous_0)
DA:6,2
DA:14,1
DA:16,1
DA:33,2
DA:36,2
LF:5
LH:5
BRF:0
BRH:0
end_of_record
TN:
SF:packages\calcas-theme\src\components\navbar\navbar\MenuBox.jsx
FN:10,(anonymous_0)
FN:21,(anonymous_1)
FN:33,(anonymous_2)
FNF:3
FNH:0
FNDA:0,(anonymous_0)
FNDA:0,(anonymous_1)
FNDA:0,(anonymous_2)
DA:10,2
DA:14,0
DA:16,0
DA:22,0
DA:34,0
DA:47,2
DA:50,2
LF:7
LH:3
BRDA:19,0,0,0
BRDA:19,0,1,0
BRDA:19,0,2,0
BRDA:22,1,0,0
BRDA:22,1,1,0
BRF:5
BRH:0
end_of_record
TN:
SF:packages\calcas-theme\src\components\navbar\navbar\Navbar.jsx
FN:12,(anonymous_0)
FN:23,(anonymous_1)
FN:29,(anonymous_2)
FN:51,(anonymous_3)
FN:55,(anonymous_4)
FN:63,(anonymous_5)
FN:80,(anonymous_6)
FN:97,(anonymous_7)
FNF:8
FNH:4
FNDA:1,(anonymous_0)
FNDA:0,(anonymous_1)
FNDA:0,(anonymous_2)
FNDA:4,(anonymous_3)
FNDA:0,(anonymous_4)
FNDA:0,(anonymous_5)
FNDA:1,(anonymous_6)
FNDA:1,(anonymous_7)
DA:12,2
DA:15,1
DA:17,1
DA:18,1
DA:19,1
DA:21,1
DA:23,1
DA:24,0
DA:25,0
DA:26,0
DA:29,1
DA:30,0
DA:31,0
DA:32,0
DA:35,1
DA:52,4
DA:55,0
DA:63,0
DA:80,2
DA:81,1
DA:97,2
DA:98,1
DA:110,2
DA:113,2
DA:116,2
DA:119,2
LF:26
LH:18
BRDA:51,0,0,1
BRDA:51,0,1,1
BRDA:58,1,0,0
BRDA:58,1,1,4
BRF:4
BRH:3
end_of_record
TN:
SF:packages\calcas-theme\src\components\navbar\navbar\Navbar.propTypes.js
FN:30,(anonymous_0)
FN:87,(anonymous_1)
FN:88,(anonymous_2)
FN:97,(anonymous_3)
FNF:4
FNH:0
FNDA:0,(anonymous_0)
FNDA:0,(anonymous_1)
FNDA:0,(anonymous_2)
FNDA:0,(anonymous_3)
DA:4,2
DA:14,2
DA:22,2
DA:29,2
DA:30,0
DA:35,2
DA:38,2
DA:41,2
DA:57,2
DA:78,2
DA:85,2
DA:87,0
DA:88,0
DA:93,2
DA:96,2
DA:97,0
LF:16
LH:12
BRF:0
BRH:0
end_of_record
TN:
SF:packages\calcas-theme\src\components\navbar\navbar\Navbar.styles.js
FN:5,(anonymous_0)
FN:21,(anonymous_1)
FN:26,(anonymous_2)
FN:31,(anonymous_3)
FN:36,(anonymous_4)
FN:41,(anonymous_5)
FN:46,(anonymous_6)
FNF:7
FNH:7
FNDA:19,(anonymous_0)
FNDA:1,(anonymous_1)
FNDA:1,(anonymous_2)
FNDA:1,(anonymous_3)
FNDA:6,(anonymous_4)
FNDA:1,(anonymous_5)
FNDA:1,(anonymous_6)
DA:5,19
DA:21,3
DA:26,3
DA:31,3
DA:36,6
DA:41,3
DA:42,1
DA:46,1
LF:8
LH:8
BRDA:6,0,0,2
BRDA:6,0,1,17
BRDA:7,1,0,0
BRDA:7,1,1,2
BRDA:12,2,0,19
BRDA:12,2,1,18
BRDA:13,3,0,19
BRDA:13,3,1,19
BRDA:14,4,0,19
BRDA:14,4,1,17
BRDA:15,5,0,19
BRDA:15,5,1,13
BRDA:16,6,0,2
BRDA:16,6,1,17
BRDA:17,7,0,0
BRDA:17,7,1,2
BRDA:19,8,0,19
BRDA:19,8,1,18
BRDA:61,9,0,1
BRDA:61,9,1,0
BRF:20
BRH:17
end_of_record
TN:
SF:packages\calcas-theme\src\components\navbar\navbar\NavbarLinks.jsx
FN:7,(anonymous_0)
FN:16,(anonymous_1)
FN:29,(anonymous_2)
FNF:3
FNH:1
FNDA:5,(anonymous_0)
FNDA:0,(anonymous_1)
FNDA:0,(anonymous_2)
DA:7,2
DA:14,5
DA:16,5
DA:17,0
DA:18,0
DA:20,5
DA:29,0
DA:43,2
DA:46,2
LF:9
LH:6
BRDA:24,0,0,5
BRDA:24,0,1,0
BRDA:26,1,0,0
BRDA:26,1,1,5
BRDA:28,2,0,0
BRDA:28,2,1,5
BRDA:37,3,0,0
BRDA:37,3,1,5
BRF:8
BRH:4
end_of_record
TN:
SF:packages\calcas-theme\src\components\navbar\navbar\SubMenuSection.jsx
FN:7,SubMenuSection
FN:30,(anonymous_1)
FNF:2
FNH:0
FNDA:0,SubMenuSection
FNDA:0,(anonymous_1)
DA:12,0
DA:13,0
DA:31,0
DA:50,2
DA:53,2
LF:5
LH:2
BRDA:18,0,0,0
BRDA:18,0,1,0
BRDA:30,1,0,0
BRDA:30,1,1,0
BRF:4
BRH:0
end_of_record
TN:
SF:packages\calcas-theme\src\components\navbar\navbar-data\menu-item.js
FNF:0
FNH:0
DA:6,3
LF:1
LH:1
BRF:0
BRH:0
end_of_record
TN:
SF:packages\calcas-theme\src\utils\colorUtils.js
FN:7,darkenHexColor
FNF:1
FNH:0
FNDA:0,darkenHexColor
DA:8,0
DA:9,0
DA:11,0
DA:12,0
DA:13,0
DA:15,0
DA:16,0
DA:17,0
DA:19,0
LF:9
LH:0
BRDA:7,0,0,0
BRDA:8,1,0,0
BRDA:8,1,1,0
BRDA:15,2,0,0
BRDA:15,2,1,0
BRDA:16,3,0,0
BRDA:16,3,1,0
BRDA:17,4,0,0
BRDA:17,4,1,0
BRF:9
BRH:0
end_of_record
